2020-11-15 14:37:18,949 [Worker-6: Loading available Gradle versions] INFO  o.e.b.c.i.u.g.PublishedGradleVersions - Gradle version information cache is up-to-date. Trying to read.
2020-11-15 14:53:09,839 [Worker-7: Loading available Gradle versions] INFO  o.e.b.c.i.u.g.PublishedGradleVersions - Gradle version information cache is up-to-date. Trying to read.
2020-11-15 15:31:00,915 [Worker-1: Loading available Gradle versions] INFO  o.e.b.c.i.u.g.PublishedGradleVersions - Gradle version information cache is up-to-date. Trying to read.
2020-11-15 15:37:41,100 [Worker-7: Updating Maven Project] INFO  o.e.m.c.i.p.ProjectConfigurationManager - Update started
2020-11-15 15:37:41,104 [Worker-7: Updating Maven Project] INFO  o.e.m.c.i.p.ProjectConfigurationManager - Update completed: 0 sec
2020-11-15 15:38:06,700 [Worker-18: Launching Executing clean in _Users_jmb_localdev_teaching_classroom_cpoa_tp2_solution] INFO  o.e.m.i.launch.MavenLaunchDelegate - /Users/jmb/localdev/teaching/classroom/cpoa/tp2/solution
2020-11-15 15:38:06,701 [Worker-18: Launching Executing clean in _Users_jmb_localdev_teaching_classroom_cpoa_tp2_solution] INFO  o.e.m.i.launch.MavenLaunchDelegate -  mvn -B clean
2020-11-15 15:38:21,922 [Worker-21: Launching Executing test in _Users_jmb_localdev_teaching_classroom_cpoa_tp2_solution] INFO  o.e.m.i.launch.MavenLaunchDelegate - /Users/jmb/localdev/teaching/classroom/cpoa/tp2/solution
2020-11-15 15:38:21,922 [Worker-21: Launching Executing test in _Users_jmb_localdev_teaching_classroom_cpoa_tp2_solution] INFO  o.e.m.i.launch.MavenLaunchDelegate -  mvn -B test
2020-11-15 15:43:20,646 [Worker-24: Launching Executing test in _Users_jmb_localdev_teaching_classroom_cpoa_tp2_solution] INFO  o.e.m.i.launch.MavenLaunchDelegate - /Users/jmb/localdev/teaching/classroom/cpoa/tp2/solution
2020-11-15 15:43:20,646 [Worker-24: Launching Executing test in _Users_jmb_localdev_teaching_classroom_cpoa_tp2_solution] INFO  o.e.m.i.launch.MavenLaunchDelegate -  mvn -B test
2020-11-15 15:56:30,104 [Worker-35: Updating Maven Project] INFO  o.e.m.c.i.p.ProjectConfigurationManager - Update started
2020-11-15 15:56:30,105 [Worker-35: Updating Maven Project] INFO  o.e.m.c.i.p.ProjectConfigurationManager - Update completed: 0 sec
2020-11-15 15:57:45,219 [Worker-33: Updating Maven Project] INFO  o.e.m.c.i.p.ProjectConfigurationManager - Update started
2020-11-15 15:57:45,220 [Worker-33: Updating Maven Project] INFO  o.e.m.c.i.p.ProjectConfigurationManager - Update completed: 0 sec
2020-11-15 16:04:24,684 [Worker-39: Updating Maven Project] INFO  o.e.m.c.i.p.ProjectConfigurationManager - Update started
2020-11-15 16:04:24,685 [Worker-39: Updating Maven Project] INFO  o.e.m.c.i.p.ProjectConfigurationManager - Update completed: 0 sec
2020-11-15 16:04:30,703 [Worker-38: Launching Executing install in _Users_jmb_localdev_teaching_classroom_cpoa_tp2_solution] INFO  o.e.m.i.launch.MavenLaunchDelegate - /Users/jmb/localdev/teaching/classroom/cpoa/tp2/solution
2020-11-15 16:04:30,703 [Worker-38: Launching Executing install in _Users_jmb_localdev_teaching_classroom_cpoa_tp2_solution] INFO  o.e.m.i.launch.MavenLaunchDelegate -  mvn -B install
2020-11-15 16:06:45,103 [Worker-42: Launching Executing install in _Users_jmb_localdev_teaching_classroom_cpoa_tp2_solution] INFO  o.e.m.i.launch.MavenLaunchDelegate - /Users/jmb/localdev/teaching/classroom/cpoa/tp2/solution
2020-11-15 16:06:45,105 [Worker-42: Launching Executing install in _Users_jmb_localdev_teaching_classroom_cpoa_tp2_solution] INFO  o.e.m.i.launch.MavenLaunchDelegate -  mvn -B install
2020-11-15 16:08:09,637 [Worker-42: Launching Executing install in _Users_jmb_localdev_teaching_classroom_cpoa_tp2_solution] INFO  o.e.m.i.launch.MavenLaunchDelegate - /Users/jmb/localdev/teaching/classroom/cpoa/tp2/solution
2020-11-15 16:08:09,637 [Worker-42: Launching Executing install in _Users_jmb_localdev_teaching_classroom_cpoa_tp2_solution] INFO  o.e.m.i.launch.MavenLaunchDelegate -  mvn -B install
2020-11-15 16:11:32,608 [Worker-45: Importing Maven projects] INFO  o.e.m.c.i.l.LifecycleMappingFactory - Using org.eclipse.m2e.jdt.JarLifecycleMapping lifecycle mapping for MavenProject: hellocucumber:hellocucumber:1.0.0-SNAPSHOT @ /Users/jmb/localdev/teaching/classroom/cpoa/tp2/sol2/hellocucumber/pom.xml.
2020-11-15 16:11:32,949 [Worker-45: Importing Maven projects] INFO  o.e.m.j.i.AbstractJavaProjectConfigurator - Adding source folder /hellocucumber/src/main/java
2020-11-15 16:11:32,952 [Worker-45: Importing Maven projects] INFO  o.e.m.j.i.AbstractJavaProjectConfigurator - Adding source folder /hellocucumber/src/test/java
2020-11-15 16:11:32,953 [Worker-45: Importing Maven projects] INFO  o.e.m.j.i.AbstractJavaProjectConfigurator - Adding resource folder /hellocucumber/src/test/resources
2020-11-15 16:11:33,031 [Worker-45: Importing Maven projects] INFO  o.e.m.c.i.p.ProjectConfigurationManager - Imported and configured 1 project(s) in 0 sec
2020-11-15 16:11:33,428 [Worker-44: Building] INFO  o.e.m.c.i.embedder.EclipseLogger - Using 'UTF-8' encoding to copy filtered resources.
2020-11-15 16:11:33,428 [Worker-44: Building] INFO  o.e.m.c.i.embedder.EclipseLogger - skip non existing resourceDirectory /Users/jmb/localdev/teaching/classroom/cpoa/tp2/sol2/hellocucumber/src/main/resources
2020-11-15 16:11:33,430 [Worker-44: Building] INFO  o.e.m.c.i.embedder.EclipseLogger - Using 'UTF-8' encoding to copy filtered resources.
2020-11-15 16:11:33,434 [Worker-44: Building] INFO  o.e.m.c.i.embedder.EclipseLogger - Copying 1 resource
2020-11-15 16:12:27,233 [Worker-43: Launching Executing test in _Users_jmb_localdev_teaching_classroom_cpoa_tp2_sol2_hellocucumber] INFO  o.e.m.i.launch.MavenLaunchDelegate - /Users/jmb/localdev/teaching/classroom/cpoa/tp2/sol2/hellocucumber
2020-11-15 16:12:27,233 [Worker-43: Launching Executing test in _Users_jmb_localdev_teaching_classroom_cpoa_tp2_sol2_hellocucumber] INFO  o.e.m.i.launch.MavenLaunchDelegate -  mvn -B test
2020-11-15 16:12:30,487 [Worker-44: Building] INFO  o.e.m.c.i.embedder.EclipseLogger - Using 'UTF-8' encoding to copy filtered resources.
2020-11-15 16:12:30,487 [Worker-44: Building] INFO  o.e.m.c.i.embedder.EclipseLogger - skip non existing resourceDirectory /Users/jmb/localdev/teaching/classroom/cpoa/tp2/sol2/hellocucumber/src/main/resources
2020-11-15 16:12:30,488 [Worker-44: Building] INFO  o.e.m.c.i.embedder.EclipseLogger - Using 'UTF-8' encoding to copy filtered resources.
2020-11-15 16:12:30,492 [Worker-44: Building] INFO  o.e.m.c.i.embedder.EclipseLogger - Copying 1 resource
2020-11-15 16:14:17,515 [Worker-44: Building] INFO  o.e.m.c.i.embedder.EclipseLogger - Using 'UTF-8' encoding to copy filtered resources.
2020-11-15 16:14:17,515 [Worker-44: Building] INFO  o.e.m.c.i.embedder.EclipseLogger - skip non existing resourceDirectory /Users/jmb/localdev/teaching/classroom/cpoa/tp2/sol2/hellocucumber/src/main/resources
2020-11-15 16:14:17,516 [Worker-44: Building] INFO  o.e.m.c.i.embedder.EclipseLogger - Using 'UTF-8' encoding to copy filtered resources.
2020-11-15 16:14:17,517 [Worker-44: Building] INFO  o.e.m.c.i.embedder.EclipseLogger - Copying 1 resource
2020-11-15 16:14:58,210 [Worker-43: Building] INFO  o.e.m.c.i.embedder.EclipseLogger - Using 'UTF-8' encoding to copy filtered resources.
2020-11-15 16:14:58,210 [Worker-43: Building] INFO  o.e.m.c.i.embedder.EclipseLogger - skip non existing resourceDirectory /Users/jmb/localdev/teaching/classroom/cpoa/tp2/sol2/hellocucumber/src/main/resources
2020-11-15 16:14:58,211 [Worker-43: Building] INFO  o.e.m.c.i.embedder.EclipseLogger - Using 'UTF-8' encoding to copy filtered resources.
2020-11-15 16:14:58,211 [Worker-43: Building] INFO  o.e.m.c.i.embedder.EclipseLogger - Copying 1 resource
2020-11-15 16:17:41,440 [Worker-48: Building] INFO  o.e.m.c.i.embedder.EclipseLogger - Using 'UTF-8' encoding to copy filtered resources.
2020-11-15 16:17:41,441 [Worker-48: Building] INFO  o.e.m.c.i.embedder.EclipseLogger - skip non existing resourceDirectory /Users/jmb/localdev/teaching/classroom/cpoa/tp2/sol2/hellocucumber/src/main/resources
2020-11-15 16:17:41,442 [Worker-48: Building] INFO  o.e.m.c.i.embedder.EclipseLogger - Using 'UTF-8' encoding to copy filtered resources.
2020-11-15 16:17:41,442 [Worker-48: Building] INFO  o.e.m.c.i.embedder.EclipseLogger - skip non existing resourceDirectory /Users/jmb/localdev/teaching/classroom/cpoa/tp2/sol2/hellocucumber/src/test/resources
2020-11-15 16:21:37,478 [Worker-54: Importing Maven projects] INFO  o.e.m.c.i.l.LifecycleMappingFactory - Using org.eclipse.m2e.jdt.JarLifecycleMapping lifecycle mapping for MavenProject: hellocucumber:hellocucumber:1.0.0-SNAPSHOT @ /Users/jmb/localdev/teaching/classroom/cpoa/tp2/hellocucumber/pom.xml.
2020-11-15 16:21:37,583 [Worker-54: Importing Maven projects] INFO  o.e.m.j.i.AbstractJavaProjectConfigurator - Adding source folder /hellocucumber/src/main/java
2020-11-15 16:21:37,584 [Worker-54: Importing Maven projects] INFO  o.e.m.j.i.AbstractJavaProjectConfigurator - Adding source folder /hellocucumber/src/test/java
2020-11-15 16:21:37,584 [Worker-54: Importing Maven projects] INFO  o.e.m.j.i.AbstractJavaProjectConfigurator - Adding resource folder /hellocucumber/src/test/resources
2020-11-15 16:21:37,597 [Worker-54: Importing Maven projects] INFO  o.e.m.c.i.p.ProjectConfigurationManager - Imported and configured 1 project(s) in 0 sec
2020-11-15 16:21:37,785 [Worker-53: Building] INFO  o.e.m.c.i.embedder.EclipseLogger - Using 'UTF-8' encoding to copy filtered resources.
2020-11-15 16:21:37,786 [Worker-53: Building] INFO  o.e.m.c.i.embedder.EclipseLogger - skip non existing resourceDirectory /Users/jmb/localdev/teaching/classroom/cpoa/tp2/hellocucumber/src/main/resources
2020-11-15 16:21:37,787 [Worker-53: Building] INFO  o.e.m.c.i.embedder.EclipseLogger - Using 'UTF-8' encoding to copy filtered resources.
2020-11-15 16:21:37,787 [Worker-53: Building] INFO  o.e.m.c.i.embedder.EclipseLogger - Copying 2 resources
2020-11-15 16:21:38,872 [Worker-55: Building] INFO  o.e.m.c.i.embedder.EclipseLogger - Using 'UTF-8' encoding to copy filtered resources.
2020-11-15 16:21:38,872 [Worker-55: Building] INFO  o.e.m.c.i.embedder.EclipseLogger - skip non existing resourceDirectory /Users/jmb/localdev/teaching/classroom/cpoa/tp2/hellocucumber/src/main/resources
2020-11-15 16:21:38,873 [Worker-55: Building] INFO  o.e.m.c.i.embedder.EclipseLogger - Using 'UTF-8' encoding to copy filtered resources.
2020-11-15 16:21:38,875 [Worker-55: Building] INFO  o.e.m.c.i.embedder.EclipseLogger - Copying 2 resources
2020-11-15 16:21:47,784 [Worker-53: Launching Executing clean in _Users_jmb_localdev_teaching_classroom_cpoa_tp2_hellocucumber] INFO  o.e.m.i.launch.MavenLaunchDelegate - /Users/jmb/localdev/teaching/classroom/cpoa/tp2/hellocucumber
2020-11-15 16:21:47,784 [Worker-53: Launching Executing clean in _Users_jmb_localdev_teaching_classroom_cpoa_tp2_hellocucumber] INFO  o.e.m.i.launch.MavenLaunchDelegate -  mvn -B clean
2020-11-15 16:21:49,376 [Worker-53: Building] INFO  o.e.m.c.i.embedder.EclipseLogger - Using 'UTF-8' encoding to copy filtered resources.
2020-11-15 16:21:49,376 [Worker-53: Building] INFO  o.e.m.c.i.embedder.EclipseLogger - skip non existing resourceDirectory /Users/jmb/localdev/teaching/classroom/cpoa/tp2/hellocucumber/src/main/resources
2020-11-15 16:21:49,377 [Worker-53: Building] INFO  o.e.m.c.i.embedder.EclipseLogger - Using 'UTF-8' encoding to copy filtered resources.
2020-11-15 16:21:49,377 [Worker-53: Building] INFO  o.e.m.c.i.embedder.EclipseLogger - Copying 2 resources
2020-11-15 16:21:55,376 [Worker-56: Launching Executing install in _Users_jmb_localdev_teaching_classroom_cpoa_tp2_hellocucumber] INFO  o.e.m.i.launch.MavenLaunchDelegate - /Users/jmb/localdev/teaching/classroom/cpoa/tp2/hellocucumber
2020-11-15 16:21:55,376 [Worker-56: Launching Executing install in _Users_jmb_localdev_teaching_classroom_cpoa_tp2_hellocucumber] INFO  o.e.m.i.launch.MavenLaunchDelegate -  mvn -B install
2020-11-15 16:21:58,421 [Worker-55: Building] INFO  o.e.m.c.i.embedder.EclipseLogger - Using 'UTF-8' encoding to copy filtered resources.
2020-11-15 16:21:58,421 [Worker-55: Building] INFO  o.e.m.c.i.embedder.EclipseLogger - skip non existing resourceDirectory /Users/jmb/localdev/teaching/classroom/cpoa/tp2/hellocucumber/src/main/resources
2020-11-15 16:21:58,423 [Worker-55: Building] INFO  o.e.m.c.i.embedder.EclipseLogger - Using 'UTF-8' encoding to copy filtered resources.
2020-11-15 16:21:58,423 [Worker-55: Building] INFO  o.e.m.c.i.embedder.EclipseLogger - Copying 2 resources
2020-11-15 16:22:26,462 [Worker-58: Building] INFO  o.e.m.c.i.embedder.EclipseLogger - Using 'UTF-8' encoding to copy filtered resources.
2020-11-15 16:22:26,462 [Worker-58: Building] INFO  o.e.m.c.i.embedder.EclipseLogger - skip non existing resourceDirectory /Users/jmb/localdev/teaching/classroom/cpoa/tp2/hellocucumber/src/main/resources
2020-11-15 16:22:26,463 [Worker-58: Building] INFO  o.e.m.c.i.embedder.EclipseLogger - Using 'UTF-8' encoding to copy filtered resources.
2020-11-15 16:22:26,464 [Worker-58: Building] INFO  o.e.m.c.i.embedder.EclipseLogger - Copying 2 resources
2020-11-15 16:22:34,344 [Worker-53: Building] INFO  o.e.m.c.i.embedder.EclipseLogger - Using 'UTF-8' encoding to copy filtered resources.
2020-11-15 16:22:34,345 [Worker-53: Building] INFO  o.e.m.c.i.embedder.EclipseLogger - skip non existing resourceDirectory /Users/jmb/localdev/teaching/classroom/cpoa/tp2/hellocucumber/src/main/resources
2020-11-15 16:22:34,346 [Worker-53: Building] INFO  o.e.m.c.i.embedder.EclipseLogger - Using 'UTF-8' encoding to copy filtered resources.
2020-11-15 16:22:34,346 [Worker-53: Building] INFO  o.e.m.c.i.embedder.EclipseLogger - Copying 2 resources
2020-11-15 16:22:44,062 [Worker-58: Launching Executing install in _Users_jmb_localdev_teaching_classroom_cpoa_tp2_hellocucumber] INFO  o.e.m.i.launch.MavenLaunchDelegate - /Users/jmb/localdev/teaching/classroom/cpoa/tp2/hellocucumber
2020-11-15 16:22:44,063 [Worker-58: Launching Executing install in _Users_jmb_localdev_teaching_classroom_cpoa_tp2_hellocucumber] INFO  o.e.m.i.launch.MavenLaunchDelegate -  mvn -B install
2020-11-15 16:22:46,681 [Worker-50: Building] INFO  o.e.m.c.i.embedder.EclipseLogger - Using 'UTF-8' encoding to copy filtered resources.
2020-11-15 16:22:46,681 [Worker-50: Building] INFO  o.e.m.c.i.embedder.EclipseLogger - skip non existing resourceDirectory /Users/jmb/localdev/teaching/classroom/cpoa/tp2/hellocucumber/src/main/resources
2020-11-15 16:22:46,682 [Worker-50: Building] INFO  o.e.m.c.i.embedder.EclipseLogger - Using 'UTF-8' encoding to copy filtered resources.
2020-11-15 16:22:46,683 [Worker-50: Building] INFO  o.e.m.c.i.embedder.EclipseLogger - Copying 0 resource
2020-11-15 16:24:47,929 [Worker-62: Building] INFO  o.e.m.c.i.embedder.EclipseLogger - Using 'UTF-8' encoding to copy filtered resources.
2020-11-15 16:24:47,932 [Worker-62: Building] INFO  o.e.m.c.i.embedder.EclipseLogger - skip non existing resourceDirectory /Users/jmb/localdev/teaching/classroom/cpoa/tp2/hellocucumber/src/main/resources
2020-11-15 16:24:47,934 [Worker-62: Building] INFO  o.e.m.c.i.embedder.EclipseLogger - Using 'UTF-8' encoding to copy filtered resources.
2020-11-15 16:24:47,934 [Worker-62: Building] INFO  o.e.m.c.i.embedder.EclipseLogger - Copying 2 resources
2020-11-15 16:25:54,165 [Worker-57: Building] INFO  o.e.m.c.i.embedder.EclipseLogger - Using 'UTF-8' encoding to copy filtered resources.
2020-11-15 16:25:54,165 [Worker-57: Building] INFO  o.e.m.c.i.embedder.EclipseLogger - skip non existing resourceDirectory /Users/jmb/localdev/teaching/classroom/cpoa/tp2/hellocucumber/src/main/resources
2020-11-15 16:25:54,166 [Worker-57: Building] INFO  o.e.m.c.i.embedder.EclipseLogger - Using 'UTF-8' encoding to copy filtered resources.
2020-11-15 16:25:54,166 [Worker-57: Building] INFO  o.e.m.c.i.embedder.EclipseLogger - Copying 2 resources
2020-11-15 16:26:56,862 [Worker-57: Building] INFO  o.e.m.c.i.embedder.EclipseLogger - Using 'UTF-8' encoding to copy filtered resources.
2020-11-15 16:26:56,863 [Worker-57: Building] INFO  o.e.m.c.i.embedder.EclipseLogger - skip non existing resourceDirectory /Users/jmb/localdev/teaching/classroom/cpoa/tp2/hellocucumber/src/main/resources
2020-11-15 16:26:56,864 [Worker-57: Building] INFO  o.e.m.c.i.embedder.EclipseLogger - Using 'UTF-8' encoding to copy filtered resources.
2020-11-15 16:26:56,864 [Worker-57: Building] INFO  o.e.m.c.i.embedder.EclipseLogger - Copying 2 resources
2020-11-15 16:29:02,623 [Worker-62: Building] INFO  o.e.m.c.i.embedder.EclipseLogger - Using 'UTF-8' encoding to copy filtered resources.
2020-11-15 16:29:02,624 [Worker-62: Building] INFO  o.e.m.c.i.embedder.EclipseLogger - skip non existing resourceDirectory /Users/jmb/localdev/teaching/classroom/cpoa/tp2/hellocucumber/src/main/resources
2020-11-15 16:29:02,625 [Worker-62: Building] INFO  o.e.m.c.i.embedder.EclipseLogger - Using 'UTF-8' encoding to copy filtered resources.
2020-11-15 16:29:02,625 [Worker-62: Building] INFO  o.e.m.c.i.embedder.EclipseLogger - Copying 0 resource
2020-11-15 16:29:32,056 [Worker-60: Building] INFO  o.e.m.c.i.embedder.EclipseLogger - Using 'UTF-8' encoding to copy filtered resources.
2020-11-15 16:29:32,056 [Worker-60: Building] INFO  o.e.m.c.i.embedder.EclipseLogger - skip non existing resourceDirectory /Users/jmb/localdev/teaching/classroom/cpoa/tp2/hellocucumber/src/main/resources
2020-11-15 16:29:32,057 [Worker-60: Building] INFO  o.e.m.c.i.embedder.EclipseLogger - Using 'UTF-8' encoding to copy filtered resources.
2020-11-15 16:29:32,057 [Worker-60: Building] INFO  o.e.m.c.i.embedder.EclipseLogger - Copying 0 resource
2020-11-15 16:30:00,226 [Worker-57: Building] INFO  o.e.m.c.i.embedder.EclipseLogger - Using 'UTF-8' encoding to copy filtered resources.
2020-11-15 16:30:00,226 [Worker-57: Building] INFO  o.e.m.c.i.embedder.EclipseLogger - skip non existing resourceDirectory /Users/jmb/localdev/teaching/classroom/cpoa/tp2/hellocucumber/src/main/resources
2020-11-15 16:30:00,226 [Worker-57: Building] INFO  o.e.m.c.i.embedder.EclipseLogger - Using 'UTF-8' encoding to copy filtered resources.
2020-11-15 16:30:00,227 [Worker-57: Building] INFO  o.e.m.c.i.embedder.EclipseLogger - Copying 0 resource
2020-11-15 16:30:18,596 [Worker-59: Building] INFO  o.e.m.c.i.embedder.EclipseLogger - Using 'UTF-8' encoding to copy filtered resources.
2020-11-15 16:30:18,596 [Worker-59: Building] INFO  o.e.m.c.i.embedder.EclipseLogger - skip non existing resourceDirectory /Users/jmb/localdev/teaching/classroom/cpoa/tp2/hellocucumber/src/main/resources
2020-11-15 16:30:18,597 [Worker-59: Building] INFO  o.e.m.c.i.embedder.EclipseLogger - Using 'UTF-8' encoding to copy filtered resources.
2020-11-15 16:30:18,597 [Worker-59: Building] INFO  o.e.m.c.i.embedder.EclipseLogger - Copying 0 resource
2020-11-15 16:30:23,969 [Worker-60: Building] INFO  o.e.m.c.i.embedder.EclipseLogger - Using 'UTF-8' encoding to copy filtered resources.
2020-11-15 16:30:23,970 [Worker-60: Building] INFO  o.e.m.c.i.embedder.EclipseLogger - skip non existing resourceDirectory /Users/jmb/localdev/teaching/classroom/cpoa/tp2/hellocucumber/src/main/resources
2020-11-15 16:30:23,970 [Worker-60: Building] INFO  o.e.m.c.i.embedder.EclipseLogger - Using 'UTF-8' encoding to copy filtered resources.
2020-11-15 16:30:23,970 [Worker-60: Building] INFO  o.e.m.c.i.embedder.EclipseLogger - Copying 0 resource
2020-11-15 16:30:56,114 [Worker-63: Building] INFO  o.e.m.c.i.embedder.EclipseLogger - Using 'UTF-8' encoding to copy filtered resources.
2020-11-15 16:30:56,114 [Worker-63: Building] INFO  o.e.m.c.i.embedder.EclipseLogger - skip non existing resourceDirectory /Users/jmb/localdev/teaching/classroom/cpoa/tp2/hellocucumber/src/main/resources
2020-11-15 16:30:56,115 [Worker-63: Building] INFO  o.e.m.c.i.embedder.EclipseLogger - Using 'UTF-8' encoding to copy filtered resources.
2020-11-15 16:30:56,116 [Worker-63: Building] INFO  o.e.m.c.i.embedder.EclipseLogger - Copying 2 resources
2020-11-15 16:31:13,530 [Worker-59: Launching Executing test in _Users_jmb_localdev_teaching_classroom_cpoa_tp2_hellocucumber] INFO  o.e.m.i.launch.MavenLaunchDelegate - /Users/jmb/localdev/teaching/classroom/cpoa/tp2/hellocucumber
2020-11-15 16:31:13,530 [Worker-59: Launching Executing test in _Users_jmb_localdev_teaching_classroom_cpoa_tp2_hellocucumber] INFO  o.e.m.i.launch.MavenLaunchDelegate -  mvn -B test
2020-11-15 16:31:16,161 [Worker-60: Building] INFO  o.e.m.c.i.embedder.EclipseLogger - Using 'UTF-8' encoding to copy filtered resources.
2020-11-15 16:31:16,167 [Worker-60: Building] INFO  o.e.m.c.i.embedder.EclipseLogger - skip non existing resourceDirectory /Users/jmb/localdev/teaching/classroom/cpoa/tp2/hellocucumber/src/main/resources
2020-11-15 16:31:16,168 [Worker-60: Building] INFO  o.e.m.c.i.embedder.EclipseLogger - Using 'UTF-8' encoding to copy filtered resources.
2020-11-15 16:31:16,169 [Worker-60: Building] INFO  o.e.m.c.i.embedder.EclipseLogger - Copying 0 resource
2020-11-15 16:53:14,644 [Worker-57: Building] INFO  o.e.m.c.i.embedder.EclipseLogger - Using 'UTF-8' encoding to copy filtered resources.
2020-11-15 16:53:14,645 [Worker-57: Building] INFO  o.e.m.c.i.embedder.EclipseLogger - skip non existing resourceDirectory /Users/jmb/localdev/teaching/classroom/cpoa/tp2/hellocucumber/src/main/resources
2020-11-15 16:53:14,646 [Worker-57: Building] INFO  o.e.m.c.i.embedder.EclipseLogger - Using 'UTF-8' encoding to copy filtered resources.
2020-11-15 16:53:14,647 [Worker-57: Building] INFO  o.e.m.c.i.embedder.EclipseLogger - skip non existing resourceDirectory /Users/jmb/localdev/teaching/classroom/cpoa/tp2/hellocucumber/src/test/resources
